app/build/intermediates/manifest_merge_blame_file/debug/processDebugMainManifest/manifest-merger-blame-debug-report.txt
1<?xml version="1.0" encoding="utf-8"?>
2<manifest xmlns:android="http://schemas.android.com/apk/res/android"
3    package="com.tcc.veiculotracker"
4    android:versionCode="1"
5    android:versionName="1.0" >
6
7    <uses-sdk
7-->INJECTED
8        android:minSdkVersion="26"
8-->INJECTED
9        android:targetSdkVersion="35" />
9-->INJECTED
10
11    <uses-permission android:name="android.permission.INTERNET" />
11-->src\main\AndroidManifest.xml:5:5-67
11-->src\main\AndroidManifest.xml:5:22-64
12    <uses-permission android:name="android.permission.ACCESS_FINE_LOCATION" />
12-->src\main\AndroidManifest.xml:6:5-79
12-->src\main\AndroidManifest.xml:6:22-76
13    <uses-permission android:name="android.permission.ACCESS_COARSE_LOCATION" />
13-->src\main\AndroidManifest.xml:7:5-81
13-->src\main\AndroidManifest.xml:7:22-78
14    <uses-permission android:name="android.permission.ACCESS_NETWORK_STATE" />
14-->src\main\AndroidManifest.xml:8:5-79
14-->src\main\AndroidManifest.xml:8:22-76
15    <uses-permission android:name="android.permission.USE_BIOMETRIC" /> <!-- suppress DeprecatedClassUsageInspection -->
15-->[androidx.biometric:biometric:1.1.0] AndroidManifest.xml:24:5-72
15-->[androidx.biometric:biometric:1.1.0] AndroidManifest.xml:24:22-69
16    <uses-permission android:name="android.permission.USE_FINGERPRINT" />
16-->[androidx.biometric:biometric:1.1.0] AndroidManifest.xml:27:5-74
16-->[androidx.biometric:biometric:1.1.0] AndroidManifest.xml:27:22-71
17    <uses-permission android:name="com.google.android.providers.gsf.permission.READ_GSERVICES" />
17-->[com.google.android.recaptcha:recaptcha:18.6.1] AndroidManifest.xml:9:5-98
17-->[com.google.android.recaptcha:recaptcha:18.6.1] AndroidManifest.xml:9:22-95
18
19    <permission
19-->[androidx.core:core:1.15.0] AndroidManifest.xml:22:5-24:47
20        android:name="com.tcc.veiculotracker.DYNAMIC_RECEIVER_NOT_EXPORTED_PERMISSION"
20-->[androidx.core:core:1.15.0] AndroidManifest.xml:23:9-81
21        android:protectionLevel="signature" />
21-->[androidx.core:core:1.15.0] AndroidManifest.xml:24:9-44
22
23    <uses-permission android:name="com.tcc.veiculotracker.DYNAMIC_RECEIVER_NOT_EXPORTED_PERMISSION" />
23-->[androidx.core:core:1.15.0] AndroidManifest.xml:26:5-97
23-->[androidx.core:core:1.15.0] AndroidManifest.xml:26:22-94
24
25    <supports-screens
25-->[org.osmdroid:osmdroid-android:6.1.20] AndroidManifest.xml:9:5-12:40
26        android:anyDensity="true"
26-->[org.osmdroid:osmdroid-android:6.1.20] AndroidManifest.xml:10:9-34
27        android:largeScreens="true"
27-->[org.osmdroid:osmdroid-android:6.1.20] AndroidManifest.xml:11:9-36
28        android:normalScreens="true" />
28-->[org.osmdroid:osmdroid-android:6.1.20] AndroidManifest.xml:12:9-37
29
30    <uses-feature
30-->[org.osmdroid:osmdroid-android:6.1.20] AndroidManifest.xml:14:5-16:36
31        android:name="android.hardware.location.network"
31-->[org.osmdroid:osmdroid-android:6.1.20] AndroidManifest.xml:15:9-57
32        android:required="false" />
32-->[org.osmdroid:osmdroid-android:6.1.20] AndroidManifest.xml:16:9-33
33    <uses-feature
33-->[org.osmdroid:osmdroid-android:6.1.20] AndroidManifest.xml:17:5-19:36
34        android:name="android.hardware.location.gps"
34-->[org.osmdroid:osmdroid-android:6.1.20] AndroidManifest.xml:18:9-53
35        android:required="false" />
35-->[org.osmdroid:osmdroid-android:6.1.20] AndroidManifest.xml:19:9-33
36    <uses-feature
36-->[org.osmdroid:osmdroid-android:6.1.20] AndroidManifest.xml:20:5-22:36
37        android:name="android.hardware.telephony"
37-->[org.osmdroid:osmdroid-android:6.1.20] AndroidManifest.xml:21:9-50
38        android:required="false" />
38-->[org.osmdroid:osmdroid-android:6.1.20] AndroidManifest.xml:22:9-33
39    <uses-feature
39-->[org.osmdroid:osmdroid-android:6.1.20] AndroidManifest.xml:23:5-25:36
40        android:name="android.hardware.wifi"
40-->[org.osmdroid:osmdroid-android:6.1.20] AndroidManifest.xml:24:9-45
41        android:required="false" />
41-->[org.osmdroid:osmdroid-android:6.1.20] AndroidManifest.xml:25:9-33
42
43    <application
43-->src\main\AndroidManifest.xml:10:5-33:19
44        android:name="com.tcc.veiculotracker.App"
44-->src\main\AndroidManifest.xml:11:9-28
45        android:allowBackup="true"
45-->src\main\AndroidManifest.xml:12:9-35
46        android:appComponentFactory="androidx.core.app.CoreComponentFactory"
46-->[androidx.core:core:1.15.0] AndroidManifest.xml:28:18-86
47        android:debuggable="true"
48        android:enableOnBackInvokedCallback="true"
48-->src\main\AndroidManifest.xml:13:9-51
49        android:extractNativeLibs="false"
49-->INJECTED
50        android:icon="@mipmap/ic_launcher"
50-->src\main\AndroidManifest.xml:14:9-43
51        android:label="@string/app_name"
51-->src\main\AndroidManifest.xml:15:9-41
52        android:roundIcon="@mipmap/ic_launcher_round"
52-->src\main\AndroidManifest.xml:16:9-54
53        android:supportsRtl="true"
53-->src\main\AndroidManifest.xml:17:9-35
54        android:testOnly="true"
55        android:theme="@style/Theme.VeiculoTracker" >
55-->src\main\AndroidManifest.xml:18:9-52
56        <activity
56-->src\main\AndroidManifest.xml:21:9-31:20
57            android:name="com.tcc.veiculotracker.MainActivity"
57-->src\main\AndroidManifest.xml:22:13-41
58            android:exported="true"
58-->src\main\AndroidManifest.xml:23:13-36
59            android:label="@string/app_name"
59-->src\main\AndroidManifest.xml:24:13-45
60            android:theme="@style/Theme.VeiculoTracker"
60-->src\main\AndroidManifest.xml:25:13-56
61            android:windowSoftInputMode="adjustResize" >
61-->src\main\AndroidManifest.xml:26:13-55
62            <intent-filter>
62-->src\main\AndroidManifest.xml:27:13-30:29
63                <action android:name="android.intent.action.MAIN" />
63-->src\main\AndroidManifest.xml:28:17-69
63-->src\main\AndroidManifest.xml:28:25-66
64
65                <category android:name="android.intent.category.LAUNCHER" />
65-->src\main\AndroidManifest.xml:29:17-77
65-->src\main\AndroidManifest.xml:29:27-74
66            </intent-filter>
67        </activity>
68        <activity
68-->[com.google.firebase:firebase-auth:24.2.0] AndroidManifest.xml:29:9-46:20
69            android:name="com.google.firebase.auth.internal.GenericIdpActivity"
69-->[com.google.firebase:firebase-auth:24.2.0] AndroidManifest.xml:30:13-80
70            android:excludeFromRecents="true"
70-->[com.google.firebase:firebase-auth:24.2.0] AndroidManifest.xml:31:13-46
71            android:exported="true"
71-->[com.google.firebase:firebase-auth:24.2.0] AndroidManifest.xml:32:13-36
72            android:launchMode="singleTask"
72-->[com.google.firebase:firebase-auth:24.2.0] AndroidManifest.xml:33:13-44
73            android:theme="@android:style/Theme.Translucent.NoTitleBar" >
73-->[com.google.firebase:firebase-auth:24.2.0] AndroidManifest.xml:34:13-72
74            <intent-filter>
74-->[com.google.firebase:firebase-auth:24.2.0] AndroidManifest.xml:35:13-45:29
75                <action android:name="android.intent.action.VIEW" />
75-->[com.google.firebase:firebase-auth:24.2.0] AndroidManifest.xml:36:17-69
75-->[com.google.firebase:firebase-auth:24.2.0] AndroidManifest.xml:36:25-66
76
77                <category android:name="android.intent.category.DEFAULT" />
77-->[com.google.firebase:firebase-auth:24.2.0] AndroidManifest.xml:38:17-76
77-->[com.google.firebase:firebase-auth:24.2.0] AndroidManifest.xml:38:27-73
78                <category android:name="android.intent.category.BROWSABLE" />
78-->[com.google.firebase:firebase-auth:24.2.0] AndroidManifest.xml:39:17-78
78-->[com.google.firebase:firebase-auth:24.2.0] AndroidManifest.xml:39:27-75
79
80                <data
80-->[com.google.firebase:firebase-auth:24.2.0] AndroidManifest.xml:41:17-44:51
81                    android:host="firebase.auth"
81-->[com.google.firebase:firebase-auth:24.2.0] AndroidManifest.xml:42:21-49
82                    android:path="/"
82-->[com.google.firebase:firebase-auth:24.2.0] AndroidManifest.xml:43:21-37
83                    android:scheme="genericidp" />
83-->[com.google.firebase:firebase-auth:24.2.0] AndroidManifest.xml:44:21-48
84            </intent-filter>
85        </activity>
86        <activity
86-->[com.google.firebase:firebase-auth:24.2.0] AndroidManifest.xml:47:9-64:20
87            android:name="com.google.firebase.auth.internal.RecaptchaActivity"
87-->[com.google.firebase:firebase-auth:24.2.0] AndroidManifest.xml:48:13-79
88            android:excludeFromRecents="true"
88-->[com.google.firebase:firebase-auth:24.2.0] AndroidManifest.xml:49:13-46
89            android:exported="true"
89-->[com.google.firebase:firebase-auth:24.2.0] AndroidManifest.xml:50:13-36
90            android:launchMode="singleTask"
90-->[com.google.firebase:firebase-auth:24.2.0] AndroidManifest.xml:51:13-44
91            android:theme="@android:style/Theme.Translucent.NoTitleBar" >
91-->[com.google.firebase:firebase-auth:24.2.0] AndroidManifest.xml:52:13-72
92            <intent-filter>
92-->[com.google.firebase:firebase-auth:24.2.0] AndroidManifest.xml:53:13-63:29
93                <action android:name="android.intent.action.VIEW" />
93-->[com.google.firebase:firebase-auth:24.2.0] AndroidManifest.xml:36:17-69
93-->[com.google.firebase:firebase-auth:24.2.0] AndroidManifest.xml:36:25-66
94
95                <category android:name="android.intent.category.DEFAULT" />
95-->[com.google.firebase:firebase-auth:24.2.0] AndroidManifest.xml:38:17-76
95-->[com.google.firebase:firebase-auth:24.2.0] AndroidManifest.xml:38:27-73
96                <category android:name="android.intent.category.BROWSABLE" />
96-->[com.google.firebase:firebase-auth:24.2.0] AndroidManifest.xml:39:17-78
96-->[com.google.firebase:firebase-auth:24.2.0] AndroidManifest.xml:39:27-75
97
98                <data
98-->[com.google.firebase:firebase-auth:24.2.0] AndroidManifest.xml:41:17-44:51
99                    android:host="firebase.auth"
99-->[com.google.firebase:firebase-auth:24.2.0] AndroidManifest.xml:42:21-49
100                    android:path="/"
100-->[com.google.firebase:firebase-auth:24.2.0] AndroidManifest.xml:43:21-37
101                    android:scheme="recaptcha" />
101-->[com.google.firebase:firebase-auth:24.2.0] AndroidManifest.xml:44:21-48
102            </intent-filter>
103        </activity>
104
105        <service
105-->[com.google.firebase:firebase-auth:24.2.0] AndroidManifest.xml:66:9-72:19
106            android:name="com.google.firebase.components.ComponentDiscoveryService"
106-->[com.google.firebase:firebase-auth:24.2.0] AndroidManifest.xml:67:13-84
107            android:directBootAware="true"
107-->[com.google.firebase:firebase-common:22.2.0] AndroidManifest.xml:32:13-43
108            android:exported="false" >
108-->[com.google.firebase:firebase-auth:24.2.0] AndroidManifest.xml:68:13-37
109            <meta-data
109-->[com.google.firebase:firebase-auth:24.2.0] AndroidManifest.xml:69:13-71:85
110                android:name="com.google.firebase.components:com.google.firebase.auth.FirebaseAuthRegistrar"
110-->[com.google.firebase:firebase-auth:24.2.0] AndroidManifest.xml:70:17-109
111                android:value="com.google.firebase.components.ComponentRegistrar" />
111-->[com.google.firebase:firebase-auth:24.2.0] AndroidManifest.xml:71:17-82
112            <meta-data
112-->[com.google.firebase:firebase-database:22.0.1] AndroidManifest.xml:29:13-31:85
113                android:name="com.google.firebase.components:com.google.firebase.database.FirebaseDatabaseKtxRegistrar"
113-->[com.google.firebase:firebase-database:22.0.1] AndroidManifest.xml:30:17-120
114                android:value="com.google.firebase.components.ComponentRegistrar" />
114-->[com.google.firebase:firebase-database:22.0.1] AndroidManifest.xml:31:17-82
115            <meta-data
115-->[com.google.firebase:firebase-database:22.0.1] AndroidManifest.xml:32:13-34:85
116                android:name="com.google.firebase.components:com.google.firebase.database.DatabaseRegistrar"
116-->[com.google.firebase:firebase-database:22.0.1] AndroidManifest.xml:33:17-109
117                android:value="com.google.firebase.components.ComponentRegistrar" />
117-->[com.google.firebase:firebase-database:22.0.1] AndroidManifest.xml:34:17-82
118            <meta-data
118-->[com.google.firebase:firebase-firestore:26.6.0] AndroidManifest.xml:17:13-19:85
119                android:name="com.google.firebase.components:com.google.firebase.firestore.FirebaseFirestoreKtxRegistrar"
119-->[com.google.firebase:firebase-firestore:26.6.0] AndroidManifest.xml:18:17-122
120                android:value="com.google.firebase.components.ComponentRegistrar" />
120-->[com.google.firebase:firebase-firestore:26.6.0] AndroidManifest.xml:19:17-82
121            <meta-data
121-->[com.google.firebase:firebase-firestore:26.6.0] AndroidManifest.xml:20:13-22:85
122                android:name="com.google.firebase.components:com.google.firebase.firestore.FirestoreRegistrar"
122-->[com.google.firebase:firebase-firestore:26.6.0] AndroidManifest.xml:21:17-111
123                android:value="com.google.firebase.components.ComponentRegistrar" />
123-->[com.google.firebase:firebase-firestore:26.6.0] AndroidManifest.xml:22:17-82
124            <meta-data
124-->[com.google.firebase:firebase-common:22.2.0] AndroidManifest.xml:35:13-37:85
125                android:name="com.google.firebase.components:com.google.firebase.FirebaseCommonKtxRegistrar"
125-->[com.google.firebase:firebase-common:22.2.0] AndroidManifest.xml:36:17-109
126                android:value="com.google.firebase.components.ComponentRegistrar" />
126-->[com.google.firebase:firebase-common:22.2.0] AndroidManifest.xml:37:17-82
127        </service>
128        <service
128-->[androidx.credentials:credentials-play-services-auth:1.6.0] AndroidManifest.xml:24:9-32:19
129            android:name="androidx.credentials.playservices.CredentialProviderMetadataHolder"
129-->[androidx.credentials:credentials-play-services-auth:1.6.0] AndroidManifest.xml:25:13-94
130            android:enabled="true"
130-->[androidx.credentials:credentials-play-services-auth:1.6.0] AndroidManifest.xml:26:13-35
131            android:exported="false" >
131-->[androidx.credentials:credentials-play-services-auth:1.6.0] AndroidManifest.xml:27:13-37
132            <meta-data
132-->[androidx.credentials:credentials-play-services-auth:1.6.0] AndroidManifest.xml:29:13-31:104
133                android:name="androidx.credentials.CREDENTIAL_PROVIDER_KEY"
133-->[androidx.credentials:credentials-play-services-auth:1.6.0] AndroidManifest.xml:30:17-76
134                android:value="androidx.credentials.playservices.CredentialProviderPlayServicesImpl" />
134-->[androidx.credentials:credentials-play-services-auth:1.6.0] AndroidManifest.xml:31:17-101
135        </service>
136
137        <activity
137-->[androidx.credentials:credentials-play-services-auth:1.6.0] AndroidManifest.xml:34:9-41:20
138            android:name="androidx.credentials.playservices.controllers.identityauth.HiddenActivity"
138-->[androidx.credentials:credentials-play-services-auth:1.6.0] AndroidManifest.xml:35:13-101
139            android:configChanges="orientation|screenSize|screenLayout|keyboardHidden"
139-->[androidx.credentials:credentials-play-services-auth:1.6.0] AndroidManifest.xml:36:13-87
140            android:enabled="true"
140-->[androidx.credentials:credentials-play-services-auth:1.6.0] AndroidManifest.xml:37:13-35
141            android:exported="false"
141-->[androidx.credentials:credentials-play-services-auth:1.6.0] AndroidManifest.xml:38:13-37
142            android:fitsSystemWindows="true"
142-->[androidx.credentials:credentials-play-services-auth:1.6.0] AndroidManifest.xml:39:13-45
143            android:theme="@style/Theme.Hidden" >
143-->[androidx.credentials:credentials-play-services-auth:1.6.0] AndroidManifest.xml:40:13-48
144        </activity>
145        <activity
145-->[androidx.credentials:credentials-play-services-auth:1.6.0] AndroidManifest.xml:42:9-49:20
146            android:name="androidx.credentials.playservices.controllers.identitycredentials.IdentityCredentialApiHiddenActivity"
146-->[androidx.credentials:credentials-play-services-auth:1.6.0] AndroidManifest.xml:43:13-129
147            android:configChanges="orientation|screenSize|screenLayout|keyboardHidden"
147-->[androidx.credentials:credentials-play-services-auth:1.6.0] AndroidManifest.xml:44:13-87
148            android:enabled="true"
148-->[androidx.credentials:credentials-play-services-auth:1.6.0] AndroidManifest.xml:45:13-35
149            android:exported="false"
149-->[androidx.credentials:credentials-play-services-auth:1.6.0] AndroidManifest.xml:46:13-37
150            android:fitsSystemWindows="true"
150-->[androidx.credentials:credentials-play-services-auth:1.6.0] AndroidManifest.xml:47:13-45
151            android:theme="@style/Theme.Hidden" >
151-->[androidx.credentials:credentials-play-services-auth:1.6.0] AndroidManifest.xml:48:13-48
152        </activity>
153        <activity
153-->[com.google.android.gms:play-services-auth:21.1.1] AndroidManifest.xml:23:9-27:75
154            android:name="com.google.android.gms.auth.api.signin.internal.SignInHubActivity"
154-->[com.google.android.gms:play-services-auth:21.1.1] AndroidManifest.xml:24:13-93
155            android:excludeFromRecents="true"
155-->[com.google.android.gms:play-services-auth:21.1.1] AndroidManifest.xml:25:13-46
156            android:exported="false"
156-->[com.google.android.gms:play-services-auth:21.1.1] AndroidManifest.xml:26:13-37
157            android:theme="@android:style/Theme.Translucent.NoTitleBar" />
157-->[com.google.android.gms:play-services-auth:21.1.1] AndroidManifest.xml:27:13-72
158        <!--
159            Service handling Google Sign-In user revocation. For apps that do not integrate with
160            Google Sign-In, this service will never be started.
161        -->
162        <service
162-->[com.google.android.gms:play-services-auth:21.1.1] AndroidManifest.xml:33:9-37:51
163            android:name="com.google.android.gms.auth.api.signin.RevocationBoundService"
163-->[com.google.android.gms:play-services-auth:21.1.1] AndroidManifest.xml:34:13-89
164            android:exported="true"
164-->[com.google.android.gms:play-services-auth:21.1.1] AndroidManifest.xml:35:13-36
165            android:permission="com.google.android.gms.auth.api.signin.permission.REVOCATION_NOTIFICATION"
165-->[com.google.android.gms:play-services-auth:21.1.1] AndroidManifest.xml:36:13-107
166            android:visibleToInstantApps="true" />
166-->[com.google.android.gms:play-services-auth:21.1.1] AndroidManifest.xml:37:13-48
167
168        <provider
168-->[com.google.firebase:firebase-common:22.2.0] AndroidManifest.xml:23:9-28:39
169            android:name="com.google.firebase.provider.FirebaseInitProvider"
169-->[com.google.firebase:firebase-common:22.2.0] AndroidManifest.xml:24:13-77
170            android:authorities="com.tcc.veiculotracker.firebaseinitprovider"
170-->[com.google.firebase:firebase-common:22.2.0] AndroidManifest.xml:25:13-72
171            android:directBootAware="true"
171-->[com.google.firebase:firebase-common:22.2.0] AndroidManifest.xml:26:13-43
172            android:exported="false"
172-->[com.google.firebase:firebase-common:22.2.0] AndroidManifest.xml:27:13-37
173            android:initOrder="100" />
173-->[com.google.firebase:firebase-common:22.2.0] AndroidManifest.xml:28:13-36
174
175        <activity
175-->[com.google.android.gms:play-services-base:18.9.0] AndroidManifest.xml:20:9-22:45
176            android:name="com.google.android.gms.common.api.GoogleApiActivity"
176-->[com.google.android.gms:play-services-base:18.9.0] AndroidManifest.xml:20:19-85
177            android:exported="false"
177-->[com.google.android.gms:play-services-base:18.9.0] AndroidManifest.xml:22:19-43
178            android:theme="@android:style/Theme.Translucent.NoTitleBar" />
178-->[com.google.android.gms:play-services-base:18.9.0] AndroidManifest.xml:21:19-78
179
180        <service
180-->[androidx.room:room-runtime-android:2.8.4] AndroidManifest.xml:24:9-28:63
181            android:name="androidx.room.MultiInstanceInvalidationService"
181-->[androidx.room:room-runtime-android:2.8.4] AndroidManifest.xml:25:13-74
182            android:directBootAware="true"
182-->[androidx.room:room-runtime-android:2.8.4] AndroidManifest.xml:26:13-43
183            android:exported="false" />
183-->[androidx.room:room-runtime-android:2.8.4] AndroidManifest.xml:27:13-37
184
185        <activity
185-->[androidx.compose.ui:ui-tooling-android:1.6.8] AndroidManifest.xml:23:9-25:39
186            android:name="androidx.compose.ui.tooling.PreviewActivity"
186-->[androidx.compose.ui:ui-tooling-android:1.6.8] AndroidManifest.xml:24:13-71
187            android:exported="true" />
187-->[androidx.compose.ui:ui-tooling-android:1.6.8] AndroidManifest.xml:25:13-36
188
189        <provider
189-->[androidx.emoji2:emoji2:1.3.0] AndroidManifest.xml:24:9-32:20
190            android:name="androidx.startup.InitializationProvider"
190-->[androidx.emoji2:emoji2:1.3.0] AndroidManifest.xml:25:13-67
191            android:authorities="com.tcc.veiculotracker.androidx-startup"
191-->[androidx.emoji2:emoji2:1.3.0] AndroidManifest.xml:26:13-68
192            android:exported="false" >
192-->[androidx.emoji2:emoji2:1.3.0] AndroidManifest.xml:27:13-37
193            <meta-data
193-->[androidx.emoji2:emoji2:1.3.0] AndroidManifest.xml:29:13-31:52
194                android:name="androidx.emoji2.text.EmojiCompatInitializer"
194-->[androidx.emoji2:emoji2:1.3.0] AndroidManifest.xml:30:17-75
195                android:value="androidx.startup" />
195-->[androidx.emoji2:emoji2:1.3.0] AndroidManifest.xml:31:17-49
196            <meta-data
196-->[androidx.lifecycle:lifecycle-process:2.8.4] AndroidManifest.xml:29:13-31:52
197                android:name="androidx.lifecycle.ProcessLifecycleInitializer"
197-->[androidx.lifecycle:lifecycle-process:2.8.4] AndroidManifest.xml:30:17-78
198                android:value="androidx.startup" />
198-->[androidx.lifecycle:lifecycle-process:2.8.4] AndroidManifest.xml:31:17-49
199            <meta-data
199-->[androidx.profileinstaller:profileinstaller:1.3.1] AndroidManifest.xml:29:13-31:52
200                android:name="androidx.profileinstaller.ProfileInstallerInitializer"
200-->[androidx.profileinstaller:profileinstaller:1.3.1] AndroidManifest.xml:30:17-85
201                android:value="androidx.startup" />
201-->[androidx.profileinstaller:profileinstaller:1.3.1] AndroidManifest.xml:31:17-49
202        </provider>
203
204        <meta-data
204-->[com.google.android.gms:play-services-basement:18.9.0] AndroidManifest.xml:21:9-23:69
205            android:name="com.google.android.gms.version"
205-->[com.google.android.gms:play-services-basement:18.9.0] AndroidManifest.xml:22:13-58
206            android:value="@integer/google_play_services_version" />
206-->[com.google.android.gms:play-services-basement:18.9.0] AndroidManifest.xml:23:13-66
207
208        <receiver
208-->[androidx.profileinstaller:profileinstaller:1.3.1] AndroidManifest.xml:34:9-52:20
209            android:name="androidx.profileinstaller.ProfileInstallReceiver"
209-->[androidx.profileinstaller:profileinstaller:1.3.1] AndroidManifest.xml:35:13-76
210            android:directBootAware="false"
210-->[androidx.profileinstaller:profileinstaller:1.3.1] AndroidManifest.xml:36:13-44
211            android:enabled="true"
211-->[androidx.profileinstaller:profileinstaller:1.3.1] AndroidManifest.xml:37:13-35
212            android:exported="true"
212-->[androidx.profileinstaller:profileinstaller:1.3.1] AndroidManifest.xml:38:13-36
213            android:permission="android.permission.DUMP" >
213-->[androidx.profileinstaller:profileinstaller:1.3.1] AndroidManifest.xml:39:13-57
214            <intent-filter>
214-->[androidx.profileinstaller:profileinstaller:1.3.1] AndroidManifest.xml:40:13-42:29
215                <action android:name="androidx.profileinstaller.action.INSTALL_PROFILE" />
215-->[androidx.profileinstaller:profileinstaller:1.3.1] AndroidManifest.xml:41:17-91
215-->[androidx.profileinstaller:profileinstaller:1.3.1] AndroidManifest.xml:41:25-88
216            </intent-filter>
217            <intent-filter>
217-->[androidx.profileinstaller:profileinstaller:1.3.1] AndroidManifest.xml:43:13-45:29
218                <action android:name="androidx.profileinstaller.action.SKIP_FILE" />
218-->[androidx.profileinstaller:profileinstaller:1.3.1] AndroidManifest.xml:44:17-85
218-->[androidx.profileinstaller:profileinstaller:1.3.1] AndroidManifest.xml:44:25-82
219            </intent-filter>
220            <intent-filter>
220-->[androidx.profileinstaller:profileinstaller:1.3.1] AndroidManifest.xml:46:13-48:29
221                <action android:name="androidx.profileinstaller.action.SAVE_PROFILE" />
221-->[androidx.profileinstaller:profileinstaller:1.3.1] AndroidManifest.xml:47:17-88
221-->[androidx.profileinstaller:profileinstaller:1.3.1] AndroidManifest.xml:47:25-85
222            </intent-filter>
223            <intent-filter>
223-->[androidx.profileinstaller:profileinstaller:1.3.1] AndroidManifest.xml:49:13-51:29
224                <action android:name="androidx.profileinstaller.action.BENCHMARK_OPERATION" />
224-->[androidx.profileinstaller:profileinstaller:1.3.1] AndroidManifest.xml:50:17-95
224-->[androidx.profileinstaller:profileinstaller:1.3.1] AndroidManifest.xml:50:25-92
225            </intent-filter>
226        </receiver> <!-- The activities will be merged into the manifest of the hosting app. -->
227        <activity
227-->[com.google.android.play:core-common:2.0.3] AndroidManifest.xml:14:9-18:65
228            android:name="com.google.android.play.core.common.PlayCoreDialogWrapperActivity"
228-->[com.google.android.play:core-common:2.0.3] AndroidManifest.xml:15:13-93
229            android:exported="false"
229-->[com.google.android.play:core-common:2.0.3] AndroidManifest.xml:16:13-37
230            android:stateNotNeeded="true"
230-->[com.google.android.play:core-common:2.0.3] AndroidManifest.xml:17:13-42
231            android:theme="@style/Theme.PlayCore.Transparent" />
231-->[com.google.android.play:core-common:2.0.3] AndroidManifest.xml:18:13-62
232    </application>
233
234</manifest>